Using pre-set license
Built from '2020.3/staging' branch; Version is '2020.3.5f1 (8095aa901b9b) revision 8426922'; Using compiler version '192528614'; Build Type 'Release'
OS: 'Windows 10 Home; OS build 19043.1165; Version 2009; 64bit' Language: 'ko' Physical Memory: 16300 MB
BatchMode: 1, IsHumanControllingUs: 0, StartBugReporterOnCrash: 0, Is64bit: 1, IsPro: 0

 COMMAND LINE ARGUMENTS:
C:\Program Files\Unity\Hub\Editor\2020.3.5f1\Editor\Unity.exe
-adb2
-batchMode
-noUpm
-name
AssetImportWorker0
-projectPath
C:/Users/User/Desktop/StudyProject
-logFile
Logs/AssetImportWorker0.log
-srvPort
4805
Successfully changed project path to: C:/Users/User/Desktop/StudyProject
C:/Users/User/Desktop/StudyProject
Using Asset Import Pipeline V2.
Refreshing native plugins compatible for Editor in 17.51 ms, found 0 plugins.
Preloading 0 native plugins for Editor in 0.00 ms.
Initialize engine version: 2020.3.5f1 (8095aa901b9b)
[Subsystems] Discovering subsystems at path C:/Program Files/Unity/Hub/Editor/2020.3.5f1/Editor/Data/Resources/UnitySubsystems
[Subsystems] Discovering subsystems at path C:/Users/User/Desktop/StudyProject/Assets
GfxDevice: creating device client; threaded=0
Direct3D:
    Version:  Direct3D 11.0 [level 11.1]
    Renderer: NVIDIA GeForce GTX 1660 SUPER (ID=0x21c4)
    Vendor:   
    VRAM:     5991 MB
    Driver:   30.0.14.7141
Initialize mono
Mono path[0] = 'C:/Program Files/Unity/Hub/Editor/2020.3.5f1/Editor/Data/Managed'
Mono path[1] = 'C:/Program Files/Unity/Hub/Editor/2020.3.5f1/Editor/Data/MonoBleedingEdge/lib/mono/unityjit'
Mono config path = 'C:/Program Files/Unity/Hub/Editor/2020.3.5f1/Editor/Data/MonoBleedingEdge/etc'
Using monoOptions --debugger-agent=transport=dt_socket,embedding=1,server=y,suspend=n,address=127.0.0.1:56636
Begin MonoManager ReloadAssembly
Registering precompiled unity dll's ...
Register platform support module: C:/Program Files/Unity/Hub/Editor/2020.3.5f1/Editor/Data/PlaybackEngines/WindowsStandaloneSupport/UnityEditor.WindowsStandalone.Extensions.dll
Registered in 0.001299 seconds.
Native extension for WindowsStandalone target not found
Refreshing native plugins compatible for Editor in 18.42 ms, found 0 plugins.
Preloading 0 native plugins for Editor in 0.00 ms.
Mono: successfully reloaded assembly
- Completed reload, in  0.872 seconds
Platform modules already initialized, skipping
Registering precompiled user dll's ...
Registered in 0.000500 seconds.
Begin MonoManager ReloadAssembly
Native extension for WindowsStandalone target not found
Refreshing native plugins compatible for Editor in 0.15 ms, found 0 plugins.
Preloading 0 native plugins for Editor in 0.00 ms.
Mono: successfully reloaded assembly
- Completed reload, in  0.673 seconds
Platform modules already initialized, skipping
========================================================================
Worker process is ready to serve import requests
Launched and connected shader compiler UnityShaderCompiler.exe after 0.03 seconds
Refreshing native plugins compatible for Editor in 0.16 ms, found 0 plugins.
Preloading 0 native plugins for Editor in 0.00 ms.
Unloading 1115 Unused Serialized files (Serialized files now loaded: 0)
System memory in use before: 59.6 MB.
System memory in use after: 59.7 MB.

Unloading 10 unused Assets to reduce memory usage. Loaded Objects now: 1557.
Total: 1.329200 ms (FindLiveObjects: 0.106300 ms CreateObjectMapping: 0.042600 ms MarkObjects: 1.116700 ms  DeleteObjects: 0.062600 ms)

========================================================================
Received Import Request.
  path: Assets
  artifactKey: Guid(00000000000000001000000000000000) Importer(815301076,1909f56bfc062723c751e8b465ee728b)
Start importing Assets using Guid(00000000000000001000000000000000) Importer(815301076,1909f56bfc062723c751e8b465ee728b)  -> (artifact id: 'e4856052512617ee48189cf1d7999900') in 0.008749 seconds
  Import took 0.010240 seconds .

========================================================================
Received Import Request.
  Time since last request: 0.356476 seconds.
  path: Assets
  artifactKey: Guid(00000000000000001000000000000000) Importer(815301076,1909f56bfc062723c751e8b465ee728b)
Start importing Assets using Guid(00000000000000001000000000000000) Importer(815301076,1909f56bfc062723c751e8b465ee728b)  -> (artifact id: 'e4856052512617ee48189cf1d7999900') in 0.001554 seconds
  Import took 0.003224 seconds .

========================================================================
Received Import Request.
  Time since last request: 26.495714 seconds.
  path: Assets/Prefabs
  artifactKey: Guid(6b8bc144868edb74681ede339856a408) Importer(815301076,1909f56bfc062723c751e8b465ee728b)
Start importing Assets/Prefabs using Guid(6b8bc144868edb74681ede339856a408) Importer(815301076,1909f56bfc062723c751e8b465ee728b)  -> (artifact id: '570e3078acce5595cecd7e3cd5f45b93') in 0.005107 seconds
  Import took 0.006481 seconds .

========================================================================
Received Import Request.
  Time since last request: 11.983965 seconds.
  path: Assets/Resources
  artifactKey: Guid(2bd6be7d9485f2f43a04b49a1ba48bd0) Importer(815301076,1909f56bfc062723c751e8b465ee728b)
Start importing Assets/Resources using Guid(2bd6be7d9485f2f43a04b49a1ba48bd0) Importer(815301076,1909f56bfc062723c751e8b465ee728b)  -> (artifact id: '58c18f41df351997212d8370b53f4ca7') in 0.005013 seconds
  Import took 0.006316 seconds .

========================================================================
Received Import Request.
  Time since last request: 0.008455 seconds.
  path: Assets/Resources
  artifactKey: Guid(2bd6be7d9485f2f43a04b49a1ba48bd0) Importer(815301076,1909f56bfc062723c751e8b465ee728b)
Start importing Assets/Resources using Guid(2bd6be7d9485f2f43a04b49a1ba48bd0) Importer(815301076,1909f56bfc062723c751e8b465ee728b)  -> (artifact id: '58c18f41df351997212d8370b53f4ca7') in 0.001749 seconds
  Import took 0.003130 seconds .

========================================================================
Received Import Request.
  Time since last request: 26.817800 seconds.
  path: Assets/New Folder
  artifactKey: Guid(30b0b398f3dcdc54e825d6a65ca30e48) Importer(815301076,1909f56bfc062723c751e8b465ee728b)
Start importing Assets/New Folder using Guid(30b0b398f3dcdc54e825d6a65ca30e48) Importer(815301076,1909f56bfc062723c751e8b465ee728b)  -> (artifact id: '58897a741235e1013304703462269754') in 0.004941 seconds
  Import took 0.006330 seconds .

========================================================================
Received Import Request.
  Time since last request: 17.704676 seconds.
  path: Assets/Assets
  artifactKey: Guid(30b0b398f3dcdc54e825d6a65ca30e48) Importer(815301076,1909f56bfc062723c751e8b465ee728b)
Start importing Assets/Assets using Guid(30b0b398f3dcdc54e825d6a65ca30e48) Importer(815301076,1909f56bfc062723c751e8b465ee728b)  -> (artifact id: 'd7475ea8190bb4e8b7d692d22a1060e5') in 0.001377 seconds
  Import took 0.002795 seconds .

========================================================================
Received Import Request.
  Time since last request: 8.966632 seconds.
  path: Assets/Materials
  artifactKey: Guid(0a13dc7cb62425048ac8a3814d087060) Importer(815301076,1909f56bfc062723c751e8b465ee728b)
Start importing Assets/Materials using Guid(0a13dc7cb62425048ac8a3814d087060) Importer(815301076,1909f56bfc062723c751e8b465ee728b)  -> (artifact id: 'bd6a927e1acfd141f64e97f5a1556c02') in 0.005271 seconds
  Import took 0.006625 seconds .

========================================================================
Received Import Request.
  Time since last request: 0.006490 seconds.
  path: Assets/Materials
  artifactKey: Guid(0a13dc7cb62425048ac8a3814d087060) Importer(815301076,1909f56bfc062723c751e8b465ee728b)
Start importing Assets/Materials using Guid(0a13dc7cb62425048ac8a3814d087060) Importer(815301076,1909f56bfc062723c751e8b465ee728b)  -> (artifact id: 'bd6a927e1acfd141f64e97f5a1556c02') in 0.001737 seconds
  Import took 0.003105 seconds .

========================================================================
Received Import Request.
  Time since last request: 6.183180 seconds.
  path: Assets/Animation
  artifactKey: Guid(fe002501c0a73f245a43a73022c8d4ab) Importer(815301076,1909f56bfc062723c751e8b465ee728b)
Start importing Assets/Animation using Guid(fe002501c0a73f245a43a73022c8d4ab) Importer(815301076,1909f56bfc062723c751e8b465ee728b)  -> (artifact id: '69abb7fa4432a07021c156dbfea5f28b') in 0.004765 seconds
  Import took 0.006077 seconds .

========================================================================
Received Import Request.
  Time since last request: 0.006198 seconds.
  path: Assets/Animation
  artifactKey: Guid(fe002501c0a73f245a43a73022c8d4ab) Importer(815301076,1909f56bfc062723c751e8b465ee728b)
Start importing Assets/Animation using Guid(fe002501c0a73f245a43a73022c8d4ab) Importer(815301076,1909f56bfc062723c751e8b465ee728b)  -> (artifact id: '69abb7fa4432a07021c156dbfea5f28b') in 0.001684 seconds
  Import took 0.003083 seconds .

========================================================================
Received Import Request.
  Time since last request: 13.338415 seconds.
  path: Assets/Scripts
  artifactKey: Guid(94371edd98b821749844f4f1221c59ec) Importer(815301076,1909f56bfc062723c751e8b465ee728b)
Start importing Assets/Scripts using Guid(94371edd98b821749844f4f1221c59ec) Importer(815301076,1909f56bfc062723c751e8b465ee728b)  -> (artifact id: 'e2556986d1f42205cd87eac21370fa93') in 0.004747 seconds
  Import took 0.006123 seconds .

========================================================================
Received Import Request.
  Time since last request: 11.738433 seconds.
  path: Assets/Scripts/PlayerManager.cs
  artifactKey: Guid(69d09ea8c0cdd294ab505565859a5ac7) Importer(815301076,1909f56bfc062723c751e8b465ee728b)
Start importing Assets/Scripts/PlayerManager.cs using Guid(69d09ea8c0cdd294ab505565859a5ac7) Importer(815301076,1909f56bfc062723c751e8b465ee728b)  -> (artifact id: 'e31c97b09c3c3bcacf231d0513ff3fd1') in 0.019512 seconds
  Import took 0.020837 seconds .

========================================================================
Received Import Request.
  Time since last request: 0.131161 seconds.
  path: Assets/Scripts/PlayerManager.cs
  artifactKey: Guid(69d09ea8c0cdd294ab505565859a5ac7) Importer(815301076,1909f56bfc062723c751e8b465ee728b)
Start importing Assets/Scripts/PlayerManager.cs using Guid(69d09ea8c0cdd294ab505565859a5ac7) Importer(815301076,1909f56bfc062723c751e8b465ee728b)  -> (artifact id: 'e31c97b09c3c3bcacf231d0513ff3fd1') in 0.001752 seconds
  Import took 0.004074 seconds .

========================================================================
Received Prepare
Registering precompiled user dll's ...
Registered in 0.000461 seconds.
Begin MonoManager ReloadAssembly
Native extension for WindowsStandalone target not found
Refreshing native plugins compatible for Editor in 0.17 ms, found 0 plugins.
Preloading 0 native plugins for Editor in 0.00 ms.
Mono: successfully reloaded assembly
- Completed reload, in  0.630 seconds
Platform modules already initialized, skipping
Refreshing native plugins compatible for Editor in 0.16 ms, found 0 plugins.
Preloading 0 native plugins for Editor in 0.00 ms.
Unloading 1111 Unused Serialized files (Serialized files now loaded: 0)
System memory in use before: 59.6 MB.
System memory in use after: 59.7 MB.

Unloading 5 unused Assets to reduce memory usage. Loaded Objects now: 1561.
Total: 1.714900 ms (FindLiveObjects: 0.127200 ms CreateObjectMapping: 0.045100 ms MarkObjects: 1.497600 ms  DeleteObjects: 0.043600 ms)

========================================================================
Received Prepare
Registering precompiled user dll's ...
Registered in 0.000455 seconds.
Begin MonoManager ReloadAssembly
Native extension for WindowsStandalone target not found
Refreshing native plugins compatible for Editor in 0.16 ms, found 0 plugins.
Preloading 0 native plugins for Editor in 0.00 ms.
Mono: successfully reloaded assembly
- Completed reload, in  0.624 seconds
Platform modules already initialized, skipping
Refreshing native plugins compatible for Editor in 0.16 ms, found 0 plugins.
Preloading 0 native plugins for Editor in 0.00 ms.
Unloading 1111 Unused Serialized files (Serialized files now loaded: 0)
System memory in use before: 59.6 MB.
System memory in use after: 59.7 MB.

Unloading 5 unused Assets to reduce memory usage. Loaded Objects now: 1564.
Total: 1.137000 ms (FindLiveObjects: 0.097600 ms CreateObjectMapping: 0.025200 ms MarkObjects: 0.977800 ms  DeleteObjects: 0.035100 ms)

========================================================================
Received Import Request.
  Time since last request: 205.205420 seconds.
  path: Assets/Scripts/PlayerManager.cs
  artifactKey: Guid(69d09ea8c0cdd294ab505565859a5ac7) Importer(815301076,1909f56bfc062723c751e8b465ee728b)
Start importing Assets/Scripts/PlayerManager.cs using Guid(69d09ea8c0cdd294ab505565859a5ac7) Importer(815301076,1909f56bfc062723c751e8b465ee728b)  -> (artifact id: '1b1ca161904a078177b6d6e6270f25b5') in 0.003022 seconds
  Import took 0.004733 seconds .

========================================================================
Received Import Request.
  Time since last request: 2.232694 seconds.
  path: Assets/Scenes
  artifactKey: Guid(2c074582037d8d249b0cb455b661464c) Importer(815301076,1909f56bfc062723c751e8b465ee728b)
Start importing Assets/Scenes using Guid(2c074582037d8d249b0cb455b661464c) Importer(815301076,1909f56bfc062723c751e8b465ee728b)  -> (artifact id: 'a538cc25b59b418a786fbd534f03fee8') in 0.004712 seconds
  Import took 0.006358 seconds .

========================================================================
Received Import Request.
  Time since last request: 1.220537 seconds.
  path: Assets/Scenes/SampleScene.unity
  artifactKey: Guid(9fc0d4010bbf28b4594072e72b8655ab) Importer(815301076,1909f56bfc062723c751e8b465ee728b)
Start importing Assets/Scenes/SampleScene.unity using Guid(9fc0d4010bbf28b4594072e72b8655ab) Importer(815301076,1909f56bfc062723c751e8b465ee728b)  -> (artifact id: '02a2e40e81d35f9ada7821be9923d9eb') in 0.010033 seconds
  Import took 0.011598 seconds .

========================================================================
Received Import Request.
  Time since last request: 6.942867 seconds.
  path: Assets/Scenes/TitleScenen.unity
  artifactKey: Guid(9fc0d4010bbf28b4594072e72b8655ab) Importer(815301076,1909f56bfc062723c751e8b465ee728b)
Start importing Assets/Scenes/TitleScenen.unity using Guid(9fc0d4010bbf28b4594072e72b8655ab) Importer(815301076,1909f56bfc062723c751e8b465ee728b)  -> (artifact id: '875dbba704e3fc610e04954d3e6bb475') in 0.005190 seconds
  Import took 0.007217 seconds .

========================================================================
Received Import Request.
  Time since last request: 4.458150 seconds.
  path: Assets/Scenes/TitleScene.unity
  artifactKey: Guid(9fc0d4010bbf28b4594072e72b8655ab) Importer(815301076,1909f56bfc062723c751e8b465ee728b)
Start importing Assets/Scenes/TitleScene.unity using Guid(9fc0d4010bbf28b4594072e72b8655ab) Importer(815301076,1909f56bfc062723c751e8b465ee728b)  -> (artifact id: '499816f11c2e1f223c5c8ff616d129e9') in 0.005500 seconds
  Import took 0.007427 seconds .

========================================================================
Received Import Request.
  Time since last request: 15.843761 seconds.
  path: Assets/Scenes/IngameScene.unity
  artifactKey: Guid(d20c1ae67da941a45a814cb689462d4c) Importer(815301076,1909f56bfc062723c751e8b465ee728b)
Start importing Assets/Scenes/IngameScene.unity using Guid(d20c1ae67da941a45a814cb689462d4c) Importer(815301076,1909f56bfc062723c751e8b465ee728b)  -> (artifact id: '63f37481ffaedba0d813d87bee8dab16') in 0.004941 seconds
  Import took 0.006556 seconds .

========================================================================
Received Import Request.
  Time since last request: 0.017525 seconds.
  path: Assets/Scenes/IngameScene.unity
  artifactKey: Guid(d20c1ae67da941a45a814cb689462d4c) Importer(815301076,1909f56bfc062723c751e8b465ee728b)
Start importing Assets/Scenes/IngameScene.unity using Guid(d20c1ae67da941a45a814cb689462d4c) Importer(815301076,1909f56bfc062723c751e8b465ee728b)  -> (artifact id: '63f37481ffaedba0d813d87bee8dab16') in 0.002058 seconds
  Import took 0.003419 seconds .

========================================================================
Received Import Request.
  Time since last request: 27.677770 seconds.
  path: Assets/Audio
  artifactKey: Guid(dbce5548e70c83343a0d744d1a826b67) Importer(815301076,1909f56bfc062723c751e8b465ee728b)
Start importing Assets/Audio using Guid(dbce5548e70c83343a0d744d1a826b67) Importer(815301076,1909f56bfc062723c751e8b465ee728b)  -> (artifact id: '7e25c87b66b73c1012dbba0c538aee3e') in 0.004888 seconds
  Import took 0.006404 seconds .

========================================================================
Received Import Request.
  Time since last request: 0.004830 seconds.
  path: Assets/Audio
  artifactKey: Guid(dbce5548e70c83343a0d744d1a826b67) Importer(815301076,1909f56bfc062723c751e8b465ee728b)
Start importing Assets/Audio using Guid(dbce5548e70c83343a0d744d1a826b67) Importer(815301076,1909f56bfc062723c751e8b465ee728b)  -> (artifact id: '7e25c87b66b73c1012dbba0c538aee3e') in 0.002160 seconds
  Import took 0.003494 seconds .

========================================================================
Received Import Request.
  Time since last request: 29.151574 seconds.
  path: Assets/Scenes/EndScene.unity
  artifactKey: Guid(53271bec8ff5ab14d9e8775155f4416f) Importer(815301076,1909f56bfc062723c751e8b465ee728b)
Start importing Assets/Scenes/EndScene.unity using Guid(53271bec8ff5ab14d9e8775155f4416f) Importer(815301076,1909f56bfc062723c751e8b465ee728b)  -> (artifact id: 'd3d3abce53e6e3fdc606b71c2c178c42') in 0.005309 seconds
  Import took 0.006903 seconds .

========================================================================
Received Import Request.
  Time since last request: 0.015364 seconds.
  path: Assets/Scenes/EndScene.unity
  artifactKey: Guid(53271bec8ff5ab14d9e8775155f4416f) Importer(815301076,1909f56bfc062723c751e8b465ee728b)
Start importing Assets/Scenes/EndScene.unity using Guid(53271bec8ff5ab14d9e8775155f4416f) Importer(815301076,1909f56bfc062723c751e8b465ee728b)  -> (artifact id: 'd3d3abce53e6e3fdc606b71c2c178c42') in 0.002131 seconds
  Import took 0.003683 seconds .

